<?xml version="1.0" encoding="UTF-8"?>
<testsuite xmlns:xsi="http://www.w3.org/2001/XMLSchema-instance" xsi:noNamespaceSchemaLocation="https://maven.apache.org/surefire/maven-surefire-plugin/xsd/surefire-test-report.xsd" name="org.example.FileHandlerTest" time="1.093" tests="3" errors="0" skipped="0" failures="0">
  <properties>
[...]
</properties>
  <testcase name="testWriteGrade" classname="org.example.FileHandlerTest" time="1.069"/>
  <testcase name="testWriteAndReadExpressions" classname="org.example.FileHandlerTest" time="0.009"/>
  <testcase name="testWriteAndReadAnswers" classname="org.example.FileHandlerTest" time="0.011"/>
</testsuite>